\BOOKMARK [0][-]{chapter.1}{\376\377\0001\000\040\000F\000i\000l\000e\000\040\000I\000n\000d\000e\000x}{}% 1
\BOOKMARK [1][-]{section.1.1}{\376\377\0001\000.\0001\000\040\000F\000i\000l\000e\000\040\000L\000i\000s\000t}{chapter.1}% 2
\BOOKMARK [0][-]{chapter.2}{\376\377\0002\000\040\000F\000i\000l\000e\000\040\000D\000o\000c\000u\000m\000e\000n\000t\000a\000t\000i\000o\000n}{}% 3
\BOOKMARK [1][-]{section.2.1}{\376\377\0002\000.\0001\000\040\000b\000u\000i\000l\000d\000\137\000f\000c\000n\000\137\000l\000i\000b\000\137\000t\000a\000g\000s\000.\000m\000\040\000F\000i\000l\000e\000\040\000R\000e\000f\000e\000r\000e\000n\000c\000e}{chapter.2}% 4
\BOOKMARK [1][-]{section.2.2}{\376\377\0002\000.\0002\000\040\000b\000u\000i\000l\000d\000\137\000s\000t\000r\000\137\000t\000a\000g\000s\000.\000m\000\040\000F\000i\000l\000e\000\040\000R\000e\000f\000e\000r\000e\000n\000c\000e}{chapter.2}% 5
\BOOKMARK [1][-]{section.2.3}{\376\377\0002\000.\0003\000\040\000c\000o\000n\000v\000N\000D\000f\000f\000t\000.\000m\000\040\000F\000i\000l\000e\000\040\000R\000e\000f\000e\000r\000e\000n\000c\000e}{chapter.2}% 6
\BOOKMARK [1][-]{section.2.4}{\376\377\0002\000.\0004\000\040\000f\000i\000n\000d\000c\000o\000r\000n\000e\000r\000s\000.\000m\000\040\000F\000i\000l\000e\000\040\000R\000e\000f\000e\000r\000e\000n\000c\000e}{chapter.2}% 7
\BOOKMARK [1][-]{section.2.5}{\376\377\0002\000.\0005\000\040\000g\000e\000n\000\137\000n\000o\000i\000s\000e\000.\000m\000\040\000F\000i\000l\000e\000\040\000R\000e\000f\000e\000r\000e\000n\000c\000e}{chapter.2}% 8
\BOOKMARK [1][-]{section.2.6}{\376\377\0002\000.\0006\000\040\000g\000e\000t\000\137\000l\000i\000b\000\137\000c\000o\000l\000u\000m\000n\000s\000.\000m\000\040\000F\000i\000l\000e\000\040\000R\000e\000f\000e\000r\000e\000n\000c\000e}{chapter.2}% 9
\BOOKMARK [1][-]{section.2.7}{\376\377\0002\000.\0007\000\040\000g\000e\000t\000\137\000l\000i\000b\000\137\000t\000a\000g\000s\000.\000m\000\040\000F\000i\000l\000e\000\040\000R\000e\000f\000e\000r\000e\000n\000c\000e}{chapter.2}% 10
\BOOKMARK [1][-]{section.2.8}{\376\377\0002\000.\0008\000\040\000g\000e\000t\000\137\000s\000c\000a\000l\000e\000s\000.\000m\000\040\000F\000i\000l\000e\000\040\000R\000e\000f\000e\000r\000e\000n\000c\000e}{chapter.2}% 11
\BOOKMARK [1][-]{section.2.9}{\376\377\0002\000.\0009\000\040\000g\000e\000t\000\137\000t\000e\000s\000t\000f\000c\000n\000\137\000w\000e\000i\000g\000h\000t\000s\000.\000m\000\040\000F\000i\000l\000e\000\040\000R\000e\000f\000e\000r\000e\000n\000c\000e}{chapter.2}% 12
\BOOKMARK [1][-]{section.2.10}{\376\377\0002\000.\0001\0000\000\040\000p\000a\000r\000t\000i\000t\000i\000o\000n\000N\000k\000.\000m\000\040\000F\000i\000l\000e\000\040\000R\000e\000f\000e\000r\000e\000n\000c\000e}{chapter.2}% 13
\BOOKMARK [1][-]{section.2.11}{\376\377\0002\000.\0001\0001\000\040\000p\000a\000r\000t\000i\000t\000i\000o\000n\000s\000.\000m\000\040\000F\000i\000l\000e\000\040\000R\000e\000f\000e\000r\000e\000n\000c\000e}{chapter.2}% 14
\BOOKMARK [1][-]{section.2.12}{\376\377\0002\000.\0001\0002\000\040\000p\000h\000i\000\137\000i\000n\000t\000\137\000w\000e\000i\000g\000h\000t\000s\000.\000m\000\040\000F\000i\000l\000e\000\040\000R\000e\000f\000e\000r\000e\000n\000c\000e}{chapter.2}% 15
\BOOKMARK [1][-]{section.2.13}{\376\377\0002\000.\0001\0003\000\040\000p\000l\000o\000t\000\137\000b\000a\000s\000i\000s\000\137\000f\000c\000n\000.\000m\000\040\000F\000i\000l\000e\000\040\000R\000e\000f\000e\000r\000e\000n\000c\000e}{chapter.2}% 16
\BOOKMARK [1][-]{section.2.14}{\376\377\0002\000.\0001\0004\000\040\000p\000r\000i\000n\000t\000\137\000p\000d\000e\000.\000m\000\040\000F\000i\000l\000e\000\040\000R\000e\000f\000e\000r\000e\000n\000c\000e}{chapter.2}% 17
\BOOKMARK [1][-]{section.2.15}{\376\377\0002\000.\0001\0005\000\040\000p\000r\000i\000n\000t\000\137\000r\000e\000s\000u\000l\000t\000s\000.\000m\000\040\000F\000i\000l\000e\000\040\000R\000e\000f\000e\000r\000e\000n\000c\000e}{chapter.2}% 18
\BOOKMARK [1][-]{section.2.16}{\376\377\0002\000.\0001\0006\000\040\000s\000p\000a\000r\000s\000i\000f\000y\000D\000y\000n\000a\000m\000i\000c\000s\000.\000m\000\040\000F\000i\000l\000e\000\040\000R\000e\000f\000e\000r\000e\000n\000c\000e}{chapter.2}% 19
\BOOKMARK [1][-]{section.2.17}{\376\377\0002\000.\0001\0007\000\040\000s\000u\000b\000s\000a\000m\000p\000.\000m\000\040\000F\000i\000l\000e\000\040\000R\000e\000f\000e\000r\000e\000n\000c\000e}{chapter.2}% 20
\BOOKMARK [1][-]{section.2.18}{\376\377\0002\000.\0001\0008\000\040\000t\000a\000g\000s\0002\000a\000x\000i\000.\000m\000\040\000F\000i\000l\000e\000\040\000R\000e\000f\000e\000r\000e\000n\000c\000e}{chapter.2}% 21
\BOOKMARK [1][-]{section.2.19}{\376\377\0002\000.\0001\0009\000\040\000t\000r\000u\000e\000\137\000c\000o\000r\000n\000e\000r\000.\000m\000\040\000F\000i\000l\000e\000\040\000R\000e\000f\000e\000r\000e\000n\000c\000e}{chapter.2}% 22
\BOOKMARK [1][-]{section.2.20}{\376\377\0002\000.\0002\0000\000\040\000w\000s\000i\000n\000d\000y\000\137\000p\000d\000e\000\137\000f\000u\000n\000.\000m\000\040\000F\000i\000l\000e\000\040\000R\000e\000f\000e\000r\000e\000n\000c\000e}{chapter.2}% 23
\BOOKMARK [1][-]{section.2.21}{\376\377\0002\000.\0002\0001\000\040\000w\000s\000i\000n\000d\000y\000\137\000p\000d\000e\000\137\000R\000G\000L\000S\000.\000m\000\040\000F\000i\000l\000e\000\040\000R\000e\000f\000e\000r\000e\000n\000c\000e}{chapter.2}% 24
\BOOKMARK [1][-]{section.2.22}{\376\377\0002\000.\0002\0002\000\040\000w\000s\000i\000n\000d\000y\000\137\000p\000d\000e\000\137\000R\000G\000L\000S\000\137\000s\000e\000q\000.\000m\000\040\000F\000i\000l\000e\000\040\000R\000e\000f\000e\000r\000e\000n\000c\000e}{chapter.2}% 25
\BOOKMARK [1][-]{section.2.23}{\376\377\0002\000.\0002\0003\000\040\000w\000s\000i\000n\000d\000y\000\137\000p\000d\000e\000\137\000s\000c\000r\000i\000p\000t\000.\000m\000\040\000F\000i\000l\000e\000\040\000R\000e\000f\000e\000r\000e\000n\000c\000e}{chapter.2}% 26
